<?xml version="1.0" encoding="UTF-8"?>
<testsuite name="scrap.heap.refactor.AppTest" tests="2" skipped="0" failures="0" errors="0" timestamp="2019-11-02T22:39:38" hostname="Puget-118503" time="0.045">
  <properties/>
  <testcase name="testAppHasAGreeting" classname="scrap.heap.refactor.AppTest" time="0.002"/>
  <testcase name="testOrderingMethods" classname="scrap.heap.refactor.AppTest" time="0.042"/>
  <system-out><![CDATA[Balloon ordered: Red, Mylar
Balloon ordered: Red, Mylar
Balloon ordered: Red, Mylar
Balloon ordered: Red, Mylar
Cake ordered: Chocolate, Chocolate ,Circle, Large, Brown
Balloon ordered: Blue, Latex
Balloon ordered: Blue, Latex
Balloon ordered: Blue, Latex
Balloon ordered: Blue, Latex
Balloon ordered: Blue, Latex
Balloon ordered: Blue, Latex
Balloon ordered: Blue, Latex

UNSUPPORTED ATTRBUTE VALUE Wrong FrostingFlavor value chocelate


WRONG BALLONS NUMBER something


UNSUPPORTED ATTRBUTE VALUE Wrong FrostingFlavor value chocelate

Balloon ordered: Anything, Anything
Balloon ordered: Anything, Anything
Cake ordered: Anything, Anything ,Anything, Med, Brown
]]></system-out>
  <system-err><![CDATA[]]></system-err>
</testsuite>
